D:\TEACHING\PARALLEL\TAHER_NEW\GRID\GRID\DEBUG\GRID.PCH
D:\TEACHING\PARALLEL\TAHER_NEW\GRID\GRID\DEBUG\STDAFX.OBJ
D:\TEACHING\PARALLEL\TAHER_NEW\GRID\GRID\DEBUG\VC110.PDB
D:\TEACHING\PARALLEL\TAHER_NEW\GRID\GRID\DEBUG\POISSON.OBJ
D:\TEACHING\PARALLEL\TAHER_NEW\GRID\GRID\DEBUG\BASALG.OBJ
D:\TEACHING\PARALLEL\TAHER_NEW\GRID\GRID\DEBUG\GRAPHICS.OBJ
D:\TEACHING\PARALLEL\TAHER_NEW\GRID\GRID\DEBUG\GRID.OBJ
D:\TEACHING\PARALLEL\TAHER_NEW\GRID\DEBUG\GRID.ILK
D:\TEACHING\PARALLEL\TAHER_NEW\GRID\DEBUG\GRID.EXE
D:\TEACHING\PARALLEL\TAHER_NEW\GRID\DEBUG\GRID.PDB
D:\teaching\parallel\taher_new\grid\grid\Debug\basalg.obj
D:\teaching\parallel\taher_new\grid\grid\Debug\graphics.obj
D:\teaching\parallel\taher_new\grid\grid\Debug\grid.obj
D:\teaching\parallel\taher_new\grid\grid\Debug\poisson.obj
D:\teaching\parallel\taher_new\grid\grid\Debug\stdafx.obj
D:\teaching\parallel\taher_new\grid\grid\Debug\cl.command.1.tlog
D:\teaching\parallel\taher_new\grid\grid\Debug\CL.read.1.tlog
D:\teaching\parallel\taher_new\grid\grid\Debug\CL.write.1.tlog
D:\teaching\parallel\taher_new\grid\grid\Debug\link-cvtres.read.1.tlog
D:\teaching\parallel\taher_new\grid\grid\Debug\link-cvtres.write.1.tlog
D:\teaching\parallel\taher_new\grid\grid\Debug\link-rc.read.1.tlog
D:\teaching\parallel\taher_new\grid\grid\Debug\link-rc.write.1.tlog
D:\teaching\parallel\taher_new\grid\grid\Debug\link.4788-cvtres.read.1.tlog
D:\teaching\parallel\taher_new\grid\grid\Debug\link.4788-cvtres.write.1.tlog
D:\teaching\parallel\taher_new\grid\grid\Debug\link.4788-rc.read.1.tlog
D:\teaching\parallel\taher_new\grid\grid\Debug\link.4788-rc.write.1.tlog
D:\teaching\parallel\taher_new\grid\grid\Debug\link.4788.read.1.tlog
D:\teaching\parallel\taher_new\grid\grid\Debug\link.4788.write.1.tlog
D:\teaching\parallel\taher_new\grid\grid\Debug\link.5652-cvtres.read.1.tlog
D:\teaching\parallel\taher_new\grid\grid\Debug\link.5652-cvtres.write.1.tlog
D:\teaching\parallel\taher_new\grid\grid\Debug\link.5652-rc.read.1.tlog
D:\teaching\parallel\taher_new\grid\grid\Debug\link.5652-rc.write.1.tlog
D:\teaching\parallel\taher_new\grid\grid\Debug\link.5652.read.1.tlog
D:\teaching\parallel\taher_new\grid\grid\Debug\link.5652.write.1.tlog
D:\teaching\parallel\taher_new\grid\grid\Debug\link.5800-cvtres.read.1.tlog
D:\teaching\parallel\taher_new\grid\grid\Debug\link.5800-cvtres.write.1.tlog
D:\teaching\parallel\taher_new\grid\grid\Debug\link.5800-rc.read.1.tlog
D:\teaching\parallel\taher_new\grid\grid\Debug\link.5800-rc.write.1.tlog
D:\teaching\parallel\taher_new\grid\grid\Debug\link.5800.read.1.tlog
D:\teaching\parallel\taher_new\grid\grid\Debug\link.5800.write.1.tlog
D:\teaching\parallel\taher_new\grid\grid\Debug\link.6320-cvtres.read.1.tlog
D:\teaching\parallel\taher_new\grid\grid\Debug\link.6320-cvtres.write.1.tlog
D:\teaching\parallel\taher_new\grid\grid\Debug\link.6320-rc.read.1.tlog
D:\teaching\parallel\taher_new\grid\grid\Debug\link.6320-rc.write.1.tlog
D:\teaching\parallel\taher_new\grid\grid\Debug\link.6320.read.1.tlog
D:\teaching\parallel\taher_new\grid\grid\Debug\link.6320.write.1.tlog
D:\teaching\parallel\taher_new\grid\grid\Debug\link.7912-cvtres.read.1.tlog
D:\teaching\parallel\taher_new\grid\grid\Debug\link.7912-cvtres.write.1.tlog
D:\teaching\parallel\taher_new\grid\grid\Debug\link.7912-rc.read.1.tlog
D:\teaching\parallel\taher_new\grid\grid\Debug\link.7912-rc.write.1.tlog
D:\teaching\parallel\taher_new\grid\grid\Debug\link.7912.read.1.tlog
D:\teaching\parallel\taher_new\grid\grid\Debug\link.7912.write.1.tlog
D:\teaching\parallel\taher_new\grid\grid\Debug\link.command.1.tlog
D:\teaching\parallel\taher_new\grid\grid\Debug\link.read.1.tlog
D:\teaching\parallel\taher_new\grid\grid\Debug\link.write.1.tlog
D:\teaching\parallel\taher_new\grid\grid\Debug\grid.pch
D:\teaching\parallel\taher_new\grid\grid\Debug\vc110.idb
D:\teaching\parallel\taher_new\grid\grid\Debug\vc110.pdb
D:\teaching\parallel\taher_new\grid\Debug\grid.pdb
D:\teaching\parallel\taher_new\grid\Debug\grid.exe
D:\teaching\parallel\taher_new\grid\Debug\grid.ilk
