D:\TEACHING\PARALLEL\TAHER_NEW\GRID\GRID\RELEASE\GRID.PCH
D:\TEACHING\PARALLEL\TAHER_NEW\GRID\GRID\RELEASE\STDAFX.OBJ
D:\TEACHING\PARALLEL\TAHER_NEW\GRID\GRID\RELEASE\VC110.PDB
D:\TEACHING\PARALLEL\TAHER_NEW\GRID\GRID\RELEASE\GRID.OBJ
D:\TEACHING\PARALLEL\TAHER_NEW\GRID\RELEASE\GRID.EXE
D:\TEACHING\PARALLEL\TAHER_NEW\GRID\RELEASE\GRID.PDB
D:\teaching\parallel\taher_new\grid\grid\Release\grid.obj
D:\teaching\parallel\taher_new\grid\grid\Release\stdafx.obj
D:\teaching\parallel\taher_new\grid\grid\Release\cl.command.1.tlog
D:\teaching\parallel\taher_new\grid\grid\Release\CL.read.1.tlog
D:\teaching\parallel\taher_new\grid\grid\Release\CL.write.1.tlog
D:\teaching\parallel\taher_new\grid\grid\Release\link-cvtres.read.1.tlog
D:\teaching\parallel\taher_new\grid\grid\Release\link-cvtres.write.1.tlog
D:\teaching\parallel\taher_new\grid\grid\Release\link-rc.read.1.tlog
D:\teaching\parallel\taher_new\grid\grid\Release\link-rc.write.1.tlog
D:\teaching\parallel\taher_new\grid\grid\Release\link.command.1.tlog
D:\teaching\parallel\taher_new\grid\grid\Release\link.read.1.tlog
D:\teaching\parallel\taher_new\grid\grid\Release\link.write.1.tlog
D:\teaching\parallel\taher_new\grid\grid\Release\grid.pch
D:\teaching\parallel\taher_new\grid\grid\Release\vc110.pdb
D:\teaching\parallel\taher_new\grid\Release\grid.pdb
D:\teaching\parallel\taher_new\grid\Release\grid.exe
